<?xml version="1.0" encoding="UTF-8"?>
<!-- Generated by org.testng.reporters.JUnitXMLReporter -->
<testsuite ignored="0" hostname="DESKTOP-RFIQV5H" failures="0" tests="4" name="Test" time="0.176" errors="0" timestamp="2024-04-28T14:19:05 IST">
  <testcase classname="resources.BaseClass" name="@BeforeMethod launchBrowserAndUrl" time="0.011">
    <failure type="java.lang.NullPointerException" message="Cannot invoke &amp;quot;String.equalsIgnoreCase(String)&amp;quot; because &amp;quot;browserName&amp;quot; is null">
      <![CDATA[java.lang.NullPointerException: Cannot invoke "String.equalsIgnoreCase(String)" because "browserName" is null
at resources.BaseClass.driverInitilization(BaseClass.java:27)
at resources.BaseClass.launchBrowserAndUrl(BaseClass.java:44)
at java.base/java.util.ArrayList.forEach(ArrayList.java:1511)
... Removed 31 stack frames]]>
    </failure>
  </testcase> <!-- @BeforeMethod launchBrowserAndUrl -->
  <testcase classname="resources.BaseClass" name="@BeforeMethod launchBrowserAndUrl" time="0.0">
    <skipped/>
  </testcase> <!-- @BeforeMethod launchBrowserAndUrl -->
  <testcase classname="resources.BaseClass" name="@BeforeMethod launchBrowserAndUrl" time="0.001">
    <failure type="java.lang.NullPointerException" message="Cannot invoke &amp;quot;String.equalsIgnoreCase(String)&amp;quot; because &amp;quot;browserName&amp;quot; is null">
      <![CDATA[java.lang.NullPointerException: Cannot invoke "String.equalsIgnoreCase(String)" because "browserName" is null
at resources.BaseClass.driverInitilization(BaseClass.java:27)
at resources.BaseClass.launchBrowserAndUrl(BaseClass.java:44)
at java.base/java.util.ArrayList.forEach(ArrayList.java:1511)
... Removed 31 stack frames]]>
    </failure>
  </testcase> <!-- @BeforeMethod launchBrowserAndUrl -->
  <testcase classname="resources.BaseClass" name="@BeforeMethod launchBrowserAndUrl" time="0.0">
    <skipped/>
  </testcase> <!-- @BeforeMethod launchBrowserAndUrl -->
  <testcase classname="testcases.VerifyRegistrationTestCases" name="VerifyRegistrationWithInValidData" time="0.0">
    <skipped/>
  </testcase> <!-- VerifyRegistrationWithInValidData -->
  <testcase classname="testcases.VerifyRegistrationTestCases" name="verifyRegisterationWithValidData" time="0.0">
    <skipped/>
  </testcase> <!-- verifyRegisterationWithValidData -->
  <testcase classname="testcases.VerifyLoginTestCase" name="VerifyLoginWithInValidData" time="0.0">
    <skipped/>
  </testcase> <!-- VerifyLoginWithInValidData -->
  <testcase classname="testcases.VerifyLoginTestCase" name="VerifyLoginWithValidData" time="0.0">
    <skipped/>
  </testcase> <!-- VerifyLoginWithValidData -->
</testsuite> <!-- Test -->
