<?xml version="1.0" encoding="UTF-8"?>
<!-- Generated by org.testng.reporters.JUnitXMLReporter -->
<testsuite ignored="0" hostname="DESKTOP-RFIQV5H" failures="2" tests="2" name="Test" time="0.216" errors="0" timestamp="2024-05-08T17:18:32 IST">
  <testcase classname="testcases.VerifyRegistrationTestCases" name="verifyRegisterationWithValidData" time="0.017">
    <failure type="java.lang.NullPointerException" message="Cannot invoke &amp;quot;String.equalsIgnoreCase(String)&amp;quot; because &amp;quot;browserName&amp;quot; is null">
      <![CDATA[java.lang.NullPointerException: Cannot invoke "String.equalsIgnoreCase(String)" because "browserName" is null
at resources.BaseClass.driverInitilization(BaseClass.java:27)
at testcases.VerifyRegistrationTestCases.verifyRegisterationWithValidData(VerifyRegistrationTestCases.java:18)
at java.base/java.util.ArrayList.forEach(ArrayList.java:1511)
... Removed 27 stack frames]]>
    </failure>
  </testcase> <!-- verifyRegisterationWithValidData -->
  <testcase classname="testcases.VerifyLoginTestCase" name="VerifyLoginWithValidData" time="0.003">
    <failure type="java.lang.NullPointerException" message="Cannot invoke &amp;quot;String.equalsIgnoreCase(String)&amp;quot; because &amp;quot;browserName&amp;quot; is null">
      <![CDATA[java.lang.NullPointerException: Cannot invoke "String.equalsIgnoreCase(String)" because "browserName" is null
at resources.BaseClass.driverInitilization(BaseClass.java:27)
at testcases.VerifyLoginTestCase.VerifyLoginWithValidData(VerifyLoginTestCase.java:18)
at java.base/java.util.ArrayList.forEach(ArrayList.java:1511)
... Removed 27 stack frames]]>
    </failure>
  </testcase> <!-- VerifyLoginWithValidData -->
</testsuite> <!-- Test -->
